<?xml version="1.0" encoding="UTF-8"?>
<testsuite name="csc.coderunner.ClassJobTest" time="0.832" tests="9" errors="0" skipped="0" failures="0">
  <properties>
[...]
</properties>
  <testcase name="primitiveArrayReturnType" classname="csc.coderunner.ClassJobTest" time="0.421"/>
  <testcase name="testFailedTestsCompilation" classname="csc.coderunner.ClassJobTest" time="0.029"/>
  <testcase name="testMultipleClasses" classname="csc.coderunner.ClassJobTest" time="0.061"/>
  <testcase name="primitiveReturnType" classname="csc.coderunner.ClassJobTest" time="0.068"/>
  <testcase name="objectArrayReturnType" classname="csc.coderunner.ClassJobTest" time="0.041"/>
  <testcase name="objectReturnType" classname="csc.coderunner.ClassJobTest" time="0.06"/>
  <testcase name="testExceptionDuringTest" classname="csc.coderunner.ClassJobTest" time="0.075"/>
  <testcase name="testFailedClassCompilation" classname="csc.coderunner.ClassJobTest" time="0.006"/>
  <testcase name="twoDimensionalArrayReturnType" classname="csc.coderunner.ClassJobTest" time="0.071"/>
</testsuite>